
*** Running vivado
    with args -log top.vdi -applog -m64 -product Vivado -messageDb vivado.pb -mode batch -source top.tcl -notrace


****** Vivado v2017.4 (64-bit)
  **** SW Build 2086221 on Fri Dec 15 20:55:39 MST 2017
  **** IP Build 2085800 on Fri Dec 15 22:25:07 MST 2017
    ** Copyright 1986-2017 Xilinx, Inc. All Rights Reserved.

source top.tcl -notrace
Command: link_design -top top -part xc7a35tcpg236-1
Design is defaulting to srcset: sources_1
Design is defaulting to constrset: constrs_1
INFO: [Project 1-454] Reading design checkpoint 'c:/Users/HUAWEI/Desktop/single_cpu/single_cpu/single_cpu.srcs/sources_1/ip/IM_unit_2/IM_unit.dcp' for cell 'IM'
INFO: [Netlist 29-17] Analyzing 407 Unisim elements for replacement
INFO: [Netlist 29-28] Unisim Transformation completed in 0 CPU seconds
INFO: [Project 1-479] Netlist was created with Vivado 2017.4
INFO: [Device 21-403] Loading part xc7a35tcpg236-1
INFO: [Project 1-570] Preparing netlist for logic optimization
INFO: [Opt 31-138] Pushed 0 inverter(s) to 0 load pin(s).
INFO: [Project 1-111] Unisim Transformation Summary:
No Unisim elements were transformed.

8 Infos, 0 Warnings, 0 Critical Warnings and 0 Errors encountered.
link_design completed successfully
link_design: Time (s): cpu = 00:00:06 ; elapsed = 00:00:06 . Memory (MB): peak = 565.680 ; gain = 320.090
Command: opt_design
Attempting to get a license for feature 'Implementation' and/or device 'xc7a35t'
INFO: [Common 17-349] Got license for feature 'Implementation' and/or device 'xc7a35t'
Running DRC as a precondition to command opt_design

Starting DRC Task
INFO: [DRC 23-27] Running DRC with 2 threads
INFO: [Project 1-461] DRC finished with 0 Errors
INFO: [Project 1-462] Please refer to the DRC report (report_drc) for more information.

Time (s): cpu = 00:00:01 ; elapsed = 00:00:00.478 . Memory (MB): peak = 578.293 ; gain = 12.613
INFO: [Timing 38-35] Done setting XDC timing constraints.

Starting Logic Optimization Task

Phase 1 Retarget
INFO: [Opt 31-138] Pushed 0 inverter(s) to 0 load pin(s).
INFO: [Opt 31-49] Retargeted 0 cell(s).
Phase 1 Retarget | Checksum: 139c94e71

Time (s): cpu = 00:00:01 ; elapsed = 00:00:00.168 . Memory (MB): peak = 1136.027 ; gain = 0.000
INFO: [Opt 31-389] Phase Retarget created 0 cells and removed 29 cells

Phase 2 Constant propagation
INFO: [Opt 31-138] Pushed 0 inverter(s) to 0 load pin(s).
Phase 2 Constant propagation | Checksum: d2b72ccf

Time (s): cpu = 00:00:01 ; elapsed = 00:00:00.225 . Memory (MB): peak = 1136.027 ; gain = 0.000
INFO: [Opt 31-389] Phase Constant propagation created 0 cells and removed 0 cells

Phase 3 Sweep
Phase 3 Sweep | Checksum: d76fa81e

Time (s): cpu = 00:00:01 ; elapsed = 00:00:00.323 . Memory (MB): peak = 1136.027 ; gain = 0.000
INFO: [Opt 31-389] Phase Sweep created 23 cells and removed 0 cells

Phase 4 BUFG optimization
Phase 4 BUFG optimization | Checksum: d76fa81e

Time (s): cpu = 00:00:01 ; elapsed = 00:00:00.398 . Memory (MB): peak = 1136.027 ; gain = 0.000
INFO: [Opt 31-389] Phase BUFG optimization created 0 cells and removed 0 cells

Phase 5 Shift Register Optimization
Phase 5 Shift Register Optimization | Checksum: d76fa81e

Time (s): cpu = 00:00:01 ; elapsed = 00:00:00.437 . Memory (MB): peak = 1136.027 ; gain = 0.000
INFO: [Opt 31-389] Phase Shift Register Optimization created 0 cells and removed 0 cells

Starting Connectivity Check Task

Time (s): cpu = 00:00:00 ; elapsed = 00:00:00.006 . Memory (MB): peak = 1136.027 ; gain = 0.000
Ending Logic Optimization Task | Checksum: e49bdd1e

Time (s): cpu = 00:00:01 ; elapsed = 00:00:00.471 . Memory (MB): peak = 1136.027 ; gain = 0.000

Starting Power Optimization Task
INFO: [Pwropt 34-132] Skipping clock gating for clocks with a period < 2.00 ns.
INFO: [Pwropt 34-9] Applying IDT optimizations ...
INFO: [Pwropt 34-10] Applying ODC optimizations ...
INFO: [Timing 38-35] Done setting XDC timing constraints.
INFO: [Physopt 32-619] Estimated Timing Summary | WNS=0.000 | TNS=0.000 |
WARNING: [Power 33-232] No user defined clocks were found in the design!
Resolution: Please specify clocks using create_clock/create_generated_clock for sequential elements. For pure combinatorial circuits, please specify a virtual clock, otherwise the vectorless estimation might be inaccurate
Running Vector-less Activity Propagation...

Finished Running Vector-less Activity Propagation


Starting PowerOpt Patch Enables Task
INFO: [Pwropt 34-162] WRITE_MODE attribute of 0 BRAM(s) out of a total of 1 has been updated to save power. Run report_power_opt to get a complete listing of the BRAMs updated.
INFO: [Pwropt 34-201] Structural ODC has moved 0 WE to EN ports
Number of BRAM Ports augmented: 0 newly gated: 0 Total Ports: 2
Ending PowerOpt Patch Enables Task | Checksum: 1362d6d74

Time (s): cpu = 00:00:00 ; elapsed = 00:00:00.010 . Memory (MB): peak = 1286.906 ; gain = 0.000
Ending Power Optimization Task | Checksum: 1362d6d74

Time (s): cpu = 00:00:02 ; elapsed = 00:00:01 . Memory (MB): peak = 1286.906 ; gain = 150.879
INFO: [Common 17-83] Releasing license: Implementation
29 Infos, 1 Warnings, 0 Critical Warnings and 0 Errors encountered.
opt_design completed successfully
opt_design: Time (s): cpu = 00:00:11 ; elapsed = 00:00:10 . Memory (MB): peak = 1286.906 ; gain = 721.227
INFO: [Common 17-1381] The checkpoint 'C:/Users/HUAWEI/Desktop/single_cpu/single_cpu/single_cpu.runs/impl_1/top_opt.dcp' has been generated.
INFO: [runtcl-4] Executing : report_drc -file top_drc_opted.rpt -pb top_drc_opted.pb -rpx top_drc_opted.rpx
Command: report_drc -file top_drc_opted.rpt -pb top_drc_opted.pb -rpx top_drc_opted.rpx
INFO: [IP_Flow 19-1839] IP Catalog is up to date.
INFO: [DRC 23-27] Running DRC with 2 threads
INFO: [Coretcl 2-168] The results of DRC are in file C:/Users/HUAWEI/Desktop/single_cpu/single_cpu/single_cpu.runs/impl_1/top_drc_opted.rpt.
report_drc completed successfully
INFO: [Chipscope 16-241] No debug cores found in the current design.
Before running the implement_debug_core command, either use the Set Up Debug wizard (GUI mode)
or use the create_debug_core and connect_debug_core Tcl commands to insert debug cores into the design.
Command: place_design
Attempting to get a license for feature 'Implementation' and/or device 'xc7a35t'
INFO: [Common 17-349] Got license for feature 'Implementation' and/or device 'xc7a35t'
INFO: [DRC 23-27] Running DRC with 2 threads
INFO: [Vivado_Tcl 4-198] DRC finished with 0 Errors
INFO: [Vivado_Tcl 4-199] Please refer to the DRC report (report_drc) for more information.
Running DRC as a precondition to command place_design
INFO: [DRC 23-27] Running DRC with 2 threads
INFO: [Vivado_Tcl 4-198] DRC finished with 0 Errors
INFO: [Vivado_Tcl 4-199] Please refer to the DRC report (report_drc) for more information.

Starting Placer Task
INFO: [Place 30-611] Multithreading enabled for place_design using a maximum of 2 CPUs

Phase 1 Placer Initialization

Phase 1.1 Placer Initialization Netlist Sorting
Netlist sorting complete. Time (s): cpu = 00:00:00 ; elapsed = 00:00:00.003 . Memory (MB): peak = 1286.906 ; gain = 0.000
Phase 1.1 Placer Initialization Netlist Sorting | Checksum: 7f84003f

Time (s): cpu = 00:00:00 ; elapsed = 00:00:00.005 . Memory (MB): peak = 1286.906 ; gain = 0.000
INFO: [Timing 38-35] Done setting XDC timing constraints.
INFO: [Opt 31-138] Pushed 0 inverter(s) to 0 load pin(s).
Netlist sorting complete. Time (s): cpu = 00:00:00 ; elapsed = 00:00:00.001 . Memory (MB): peak = 1286.906 ; gain = 0.000

Phase 1.2 IO Placement/ Clock Placement/ Build Placer Device
ERROR: [Place 30-415] IO Placement failed due to overutilization. This design contains 195 I/O ports
 while the target  device: 7a35t package: cpg236, contains only 106 available user I/O. The target device has 106 usable I/O pins of which 0 are already occupied by user-locked I/Os.
 To rectify this issue:
 1. Ensure you are targeting the correct device and package.  Select a larger device or different package if necessary.
 2. Check the top-level ports of the design to ensure the correct number of ports are specified.
 3. Consider design changes to reduce the number of I/Os necessary.
INFO: [Timing 38-35] Done setting XDC timing constraints.
ERROR: [Place 30-68] Instance PC_OBUF[0]_inst (OBUF) is not placed
ERROR: [Place 30-68] Instance PC_OBUF[10]_inst (OBUF) is not placed
ERROR: [Place 30-68] Instance PC_OBUF[11]_inst (OBUF) is not placed
ERROR: [Place 30-68] Instance PC_OBUF[12]_inst (OBUF) is not placed
ERROR: [Place 30-68] Instance PC_OBUF[13]_inst (OBUF) is not placed
ERROR: [Place 30-68] Instance PC_OBUF[14]_inst (OBUF) is not placed
ERROR: [Place 30-68] Instance PC_OBUF[15]_inst (OBUF) is not placed
ERROR: [Place 30-68] Instance PC_OBUF[16]_inst (OBUF) is not placed
ERROR: [Place 30-68] Instance PC_OBUF[17]_inst (OBUF) is not placed
ERROR: [Place 30-68] Instance PC_OBUF[18]_inst (OBUF) is not placed
ERROR: [Place 30-68] Instance PC_OBUF[19]_inst (OBUF) is not placed
ERROR: [Place 30-68] Instance PC_OBUF[1]_inst (OBUF) is not placed
ERROR: [Place 30-68] Instance PC_OBUF[20]_inst (OBUF) is not placed
ERROR: [Place 30-68] Instance PC_OBUF[21]_inst (OBUF) is not placed
ERROR: [Place 30-68] Instance PC_OBUF[22]_inst (OBUF) is not placed
ERROR: [Place 30-68] Instance PC_OBUF[23]_inst (OBUF) is not placed
ERROR: [Place 30-68] Instance PC_OBUF[24]_inst (OBUF) is not placed
ERROR: [Place 30-68] Instance PC_OBUF[25]_inst (OBUF) is not placed
ERROR: [Place 30-68] Instance PC_OBUF[26]_inst (OBUF) is not placed
ERROR: [Place 30-68] Instance PC_OBUF[27]_inst (OBUF) is not placed
ERROR: [Place 30-68] Instance PC_OBUF[28]_inst (OBUF) is not placed
ERROR: [Place 30-68] Instance PC_OBUF[29]_inst (OBUF) is not placed
ERROR: [Place 30-68] Instance PC_OBUF[2]_inst (OBUF) is not placed
ERROR: [Place 30-68] Instance PC_OBUF[30]_inst (OBUF) is not placed
ERROR: [Place 30-68] Instance PC_OBUF[31]_inst (OBUF) is not placed
ERROR: [Place 30-68] Instance PC_OBUF[3]_inst (OBUF) is not placed
ERROR: [Place 30-68] Instance PC_OBUF[4]_inst (OBUF) is not placed
ERROR: [Place 30-68] Instance PC_OBUF[5]_inst (OBUF) is not placed
ERROR: [Place 30-68] Instance PC_OBUF[6]_inst (OBUF) is not placed
ERROR: [Place 30-68] Instance PC_OBUF[7]_inst (OBUF) is not placed
ERROR: [Place 30-68] Instance PC_OBUF[8]_inst (OBUF) is not placed
ERROR: [Place 30-68] Instance PC_OBUF[9]_inst (OBUF) is not placed
ERROR: [Place 30-68] Instance SW_IBUF[0]_inst (IBUF) is not placed
ERROR: [Place 30-68] Instance SW_IBUF[1]_inst (IBUF) is not placed
ERROR: [Place 30-68] Instance SW_IBUF[2]_inst (IBUF) is not placed
ERROR: [Place 30-68] Instance aluRes_OBUF[0]_inst (OBUF) is not placed
ERROR: [Place 30-68] Instance aluRes_OBUF[10]_inst (OBUF) is not placed
ERROR: [Place 30-68] Instance aluRes_OBUF[11]_inst (OBUF) is not placed
ERROR: [Place 30-68] Instance aluRes_OBUF[12]_inst (OBUF) is not placed
ERROR: [Place 30-68] Instance aluRes_OBUF[13]_inst (OBUF) is not placed
ERROR: [Place 30-68] Instance aluRes_OBUF[14]_inst (OBUF) is not placed
ERROR: [Place 30-68] Instance aluRes_OBUF[15]_inst (OBUF) is not placed
ERROR: [Place 30-68] Instance aluRes_OBUF[16]_inst (OBUF) is not placed
ERROR: [Place 30-68] Instance aluRes_OBUF[17]_inst (OBUF) is not placed
ERROR: [Place 30-68] Instance aluRes_OBUF[18]_inst (OBUF) is not placed
ERROR: [Place 30-68] Instance aluRes_OBUF[19]_inst (OBUF) is not placed
ERROR: [Place 30-68] Instance aluRes_OBUF[1]_inst (OBUF) is not placed
ERROR: [Place 30-68] Instance aluRes_OBUF[20]_inst (OBUF) is not placed
ERROR: [Place 30-68] Instance aluRes_OBUF[21]_inst (OBUF) is not placed
ERROR: [Place 30-68] Instance aluRes_OBUF[22]_inst (OBUF) is not placed
ERROR: [Place 30-68] Instance aluRes_OBUF[23]_inst (OBUF) is not placed
ERROR: [Place 30-68] Instance aluRes_OBUF[24]_inst (OBUF) is not placed
ERROR: [Place 30-68] Instance aluRes_OBUF[25]_inst (OBUF) is not placed
ERROR: [Place 30-68] Instance aluRes_OBUF[26]_inst (OBUF) is not placed
ERROR: [Place 30-68] Instance aluRes_OBUF[27]_inst (OBUF) is not placed
ERROR: [Place 30-68] Instance aluRes_OBUF[28]_inst (OBUF) is not placed
ERROR: [Place 30-68] Instance aluRes_OBUF[29]_inst (OBUF) is not placed
ERROR: [Place 30-68] Instance aluRes_OBUF[2]_inst (OBUF) is not placed
ERROR: [Place 30-68] Instance aluRes_OBUF[30]_inst (OBUF) is not placed
ERROR: [Place 30-68] Instance aluRes_OBUF[31]_inst (OBUF) is not placed
ERROR: [Place 30-68] Instance aluRes_OBUF[3]_inst (OBUF) is not placed
ERROR: [Place 30-68] Instance aluRes_OBUF[4]_inst (OBUF) is not placed
ERROR: [Place 30-68] Instance aluRes_OBUF[5]_inst (OBUF) is not placed
ERROR: [Place 30-68] Instance aluRes_OBUF[6]_inst (OBUF) is not placed
ERROR: [Place 30-68] Instance aluRes_OBUF[7]_inst (OBUF) is not placed
ERROR: [Place 30-68] Instance aluRes_OBUF[8]_inst (OBUF) is not placed
ERROR: [Place 30-68] Instance aluRes_OBUF[9]_inst (OBUF) is not placed
ERROR: [Place 30-68] Instance clk_cpu_OBUF_BUFG_inst (BUFG) is not placed
ERROR: [Place 30-68] Instance clk_cpu_OBUF_inst (OBUF) is not placed
ERROR: [Place 30-68] Instance clkin_IBUF_BUFG_inst (BUFG) is not placed
ERROR: [Place 30-68] Instance clkin_IBUF_inst (IBUF) is not placed
ERROR: [Place 30-68] Instance disp_num_OBUF[0]_inst (OBUF) is not placed
ERROR: [Place 30-68] Instance disp_num_OBUF[10]_inst (OBUF) is not placed
ERROR: [Place 30-68] Instance disp_num_OBUF[11]_inst (OBUF) is not placed
ERROR: [Place 30-68] Instance disp_num_OBUF[12]_inst (OBUF) is not placed
ERROR: [Place 30-68] Instance disp_num_OBUF[13]_inst (OBUF) is not placed
ERROR: [Place 30-68] Instance disp_num_OBUF[14]_inst (OBUF) is not placed
ERROR: [Place 30-68] Instance disp_num_OBUF[15]_inst (OBUF) is not placed
ERROR: [Place 30-68] Instance disp_num_OBUF[1]_inst (OBUF) is not placed
ERROR: [Place 30-68] Instance disp_num_OBUF[2]_inst (OBUF) is not placed
ERROR: [Place 30-68] Instance disp_num_OBUF[3]_inst (OBUF) is not placed
ERROR: [Place 30-68] Instance disp_num_OBUF[4]_inst (OBUF) is not placed
ERROR: [Place 30-68] Instance disp_num_OBUF[5]_inst (OBUF) is not placed
ERROR: [Place 30-68] Instance disp_num_OBUF[6]_inst (OBUF) is not placed
ERROR: [Place 30-68] Instance disp_num_OBUF[7]_inst (OBUF) is not placed
ERROR: [Place 30-68] Instance disp_num_OBUF[8]_inst (OBUF) is not placed
ERROR: [Place 30-68] Instance disp_num_OBUF[9]_inst (OBUF) is not placed
ERROR: [Place 30-68] Instance display_content_OBUF[0]_inst (OBUF) is not placed
ERROR: [Place 30-68] Instance display_content_OBUF[10]_inst (OBUF) is not placed
ERROR: [Place 30-68] Instance display_content_OBUF[11]_inst (OBUF) is not placed
ERROR: [Place 30-68] Instance display_content_OBUF[12]_inst (OBUF) is not placed
ERROR: [Place 30-68] Instance display_content_OBUF[13]_inst (OBUF) is not placed
ERROR: [Place 30-68] Instance display_content_OBUF[14]_inst (OBUF) is not placed
ERROR: [Place 30-68] Instance display_content_OBUF[15]_inst (OBUF) is not placed
ERROR: [Place 30-68] Instance display_content_OBUF[16]_inst (OBUF) is not placed
ERROR: [Place 30-68] Instance display_content_OBUF[17]_inst (OBUF) is not placed
ERROR: [Place 30-68] Instance display_content_OBUF[18]_inst (OBUF) is not placed
ERROR: [Place 30-68] Instance display_content_OBUF[19]_inst (OBUF) is not placed
ERROR: [Place 30-68] Instance display_content_OBUF[1]_inst (OBUF) is not placed
ERROR: [Place 30-68] Instance display_content_OBUF[20]_inst (OBUF) is not placed
INFO: [Common 17-14] Message 'Place 30-68' appears 100 times and further instances of the messages will be disabled. Use the Tcl command set_msg_config to change the current settings.
Phase 1.2 IO Placement/ Clock Placement/ Build Placer Device | Checksum: 416ebd41

Time (s): cpu = 00:00:02 ; elapsed = 00:00:02 . Memory (MB): peak = 1286.906 ; gain = 0.000
Phase 1 Placer Initialization | Checksum: 416ebd41

Time (s): cpu = 00:00:02 ; elapsed = 00:00:02 . Memory (MB): peak = 1286.906 ; gain = 0.000
ERROR: [Place 30-99] Placer failed with error: 'IO Clock Placer failed'
Please review all ERROR, CRITICAL WARNING, and WARNING messages during placement to understand the cause for failure.
Ending Placer Task | Checksum: 416ebd41

Time (s): cpu = 00:00:02 ; elapsed = 00:00:02 . Memory (MB): peak = 1286.906 ; gain = 0.000
INFO: [Common 17-83] Releasing license: Implementation
48 Infos, 1 Warnings, 0 Critical Warnings and 103 Errors encountered.
place_design failed
ERROR: [Common 17-69] Command failed: Placer could not place all instances
INFO: [Common 17-206] Exiting Vivado at Thu Nov 24 23:17:10 2022...
