#-----------------------------------------------------------
# Vivado v2017.4 (64-bit)
# SW Build 2086221 on Fri Dec 15 20:55:39 MST 2017
# IP Build 2085800 on Fri Dec 15 22:25:07 MST 2017
# Start of session at: Mon Dec  5 23:52:48 2022
# Process ID: 1260
# Current directory: C:/Users/HUAWEI/Desktop/single_cpu/single_cpu
# Command line: vivado.exe -gui_launcher_event rodinguilauncherevent8080 C:\Users\HUAWEI\Desktop\single_cpu\single_cpu\single_cpu.xpr
# Log file: C:/Users/HUAWEI/Desktop/single_cpu/single_cpu/vivado.log
# Journal file: C:/Users/HUAWEI/Desktop/single_cpu/single_cpu\vivado.jou
#-----------------------------------------------------------
start_gui
open_project C:/Users/HUAWEI/Desktop/single_cpu/single_cpu/single_cpu.xpr
Scanning sources...
Finished scanning sources
INFO: [IP_Flow 19-234] Refreshing IP repositories
INFO: [IP_Flow 19-1704] No user IP repositories specified
INFO: [IP_Flow 19-2313] Loaded Vivado IP repository 'E:/Vivado/Vivado/2017.4/data/ip'.
WARNING: [IP_Flow 19-3664] IP 'IM_unit' generated file not found 'c:/Users/HUAWEI/Desktop/single_cpu/single_cpu/single_cpu.srcs/sources_1/ip/IM_unit_2/IM_unit.dcp'. Please regenerate to continue.
WARNING: [IP_Flow 19-3664] IP 'IM_unit' generated file not found 'c:/Users/HUAWEI/Desktop/single_cpu/single_cpu/single_cpu.srcs/sources_1/ip/IM_unit_2/IM_unit_stub.v'. Please regenerate to continue.
WARNING: [IP_Flow 19-3664] IP 'IM_unit' generated file not found 'c:/Users/HUAWEI/Desktop/single_cpu/single_cpu/single_cpu.srcs/sources_1/ip/IM_unit_2/IM_unit_stub.vhdl'. Please regenerate to continue.
WARNING: [IP_Flow 19-3664] IP 'IM_unit' generated file not found 'c:/Users/HUAWEI/Desktop/single_cpu/single_cpu/single_cpu.srcs/sources_1/ip/IM_unit_2/IM_unit_sim_netlist.v'. Please regenerate to continue.
WARNING: [IP_Flow 19-3664] IP 'IM_unit' generated file not found 'c:/Users/HUAWEI/Desktop/single_cpu/single_cpu/single_cpu.srcs/sources_1/ip/IM_unit_2/IM_unit_sim_netlist.vhdl'. Please regenerate to continue.
update_compile_order -fileset sources_1
exit
INFO: [Common 17-206] Exiting Vivado at Mon Dec  5 23:53:08 2022...
