#-----------------------------------------------------------
# Vivado v2017.4 (64-bit)
# SW Build 2086221 on Fri Dec 15 20:55:39 MST 2017
# IP Build 2085800 on Fri Dec 15 22:25:07 MST 2017
# Start of session at: Sun Jan  1 13:29:44 2023
# Process ID: 14016
# Current directory: C:/Users/HUAWEI/Desktop/21307371 Œ‚’È/pipeline_cpu
# Command line: vivado.exe -gui_launcher_event rodinguilauncherevent5740 C:\Users\HUAWEI\Desktop\21307371 Œ‚’È\pipeline_cpu\pipeline_cpu.xpr
# Log file: C:/Users/HUAWEI/Desktop/21307371 Œ‚’È/pipeline_cpu/vivado.log
# Journal file: C:/Users/HUAWEI/Desktop/21307371 Œ‚’È/pipeline_cpu\vivado.jou
#-----------------------------------------------------------
start_gui
open_project {C:/Users/HUAWEI/Desktop/21307371 Œ‚’È/pipeline_cpu/pipeline_cpu.xpr}
INFO: [Project 1-313] Project file moved from 'E:/Vivado/pipeline_cpu' since last save.
WARNING: [Project 1-312] File not found as 'C:/Users/HUAWEI/Desktop/21307371 Œ‚’È/single_cpu/single_cpu.srcs/sources_1/new/ALU.v'; using path 'E:/Vivado/single_cpu/single_cpu.srcs/sources_1/new/ALU.v' instead.
WARNING: [Project 1-312] File not found as 'C:/Users/HUAWEI/Desktop/21307371 Œ‚’È/single_cpu/single_cpu.srcs/sources_1/new/DM_unit.v'; using path 'E:/Vivado/single_cpu/single_cpu.srcs/sources_1/new/DM_unit.v' instead.
WARNING: [Project 1-312] File not found as 'C:/Users/HUAWEI/Desktop/21307371 Œ‚’È/single_cpu/single_cpu.srcs/sources_1/new/RegFile.v'; using path 'E:/Vivado/single_cpu/single_cpu.srcs/sources_1/new/RegFile.v' instead.
WARNING: [Project 1-312] File not found as 'C:/Users/HUAWEI/Desktop/21307371 Œ‚’È/single_cpu/single_cpu.srcs/sources_1/new/aluctr.v'; using path 'E:/Vivado/single_cpu/single_cpu.srcs/sources_1/new/aluctr.v' instead.
WARNING: [Project 1-312] File not found as 'C:/Users/HUAWEI/Desktop/21307371 Œ‚’È/single_cpu/single_cpu.srcs/sources_1/new/ctr.v'; using path 'E:/Vivado/single_cpu/single_cpu.srcs/sources_1/new/ctr.v' instead.
WARNING: [Project 1-312] File not found as 'C:/Users/HUAWEI/Desktop/21307371 Œ‚’È/single_cpu/single_cpu.srcs/sources_1/new/next_pc.v'; using path 'E:/Vivado/single_cpu/single_cpu.srcs/sources_1/new/next_pc.v' instead.
WARNING: [Project 1-312] File not found as 'C:/Users/HUAWEI/Desktop/21307371 Œ‚’È/single_cpu/single_cpu.srcs/sources_1/new/signext.v'; using path 'E:/Vivado/single_cpu/single_cpu.srcs/sources_1/new/signext.v' instead.
WARNING: [Project 1-312] File not found as 'C:/Users/HUAWEI/Desktop/21307371 Œ‚’È/single_cpu/single_cpu.srcs/sources_1/new/Top.v'; using path 'E:/Vivado/single_cpu/single_cpu.srcs/sources_1/new/Top.v' instead.
WARNING: [Project 1-312] File not found as 'C:/Users/HUAWEI/Desktop/21307371 Œ‚’È/single_cpu/single_cpu.srcs/sources_1/new/display.v'; using path 'E:/Vivado/single_cpu/single_cpu.srcs/sources_1/new/display.v' instead.
WARNING: [Project 1-312] File not found as 'C:/Users/HUAWEI/Desktop/21307371 Œ‚’È/single_cpu/single_cpu.srcs/sim_1/new/topsim.v'; using path 'E:/Vivado/single_cpu/single_cpu.srcs/sim_1/new/topsim.v' instead.
Scanning sources...
Finished scanning sources
WARNING: [Project 1-312] File not found as 'C:/Users/HUAWEI/Desktop/21307371 Œ‚’È/single_cpu/single_cpu.srcs/sources_1/new/ALU.v'; using path 'E:/Vivado/single_cpu/single_cpu.srcs/sources_1/new/ALU.v' instead.
WARNING: [Project 1-312] File not found as 'C:/Users/HUAWEI/Desktop/21307371 Œ‚’È/single_cpu/single_cpu.srcs/sources_1/new/DM_unit.v'; using path 'E:/Vivado/single_cpu/single_cpu.srcs/sources_1/new/DM_unit.v' instead.
WARNING: [Project 1-312] File not found as 'C:/Users/HUAWEI/Desktop/21307371 Œ‚’È/single_cpu/single_cpu.srcs/sources_1/new/RegFile.v'; using path 'E:/Vivado/single_cpu/single_cpu.srcs/sources_1/new/RegFile.v' instead.
WARNING: [Project 1-312] File not found as 'C:/Users/HUAWEI/Desktop/21307371 Œ‚’È/single_cpu/single_cpu.srcs/sources_1/new/aluctr.v'; using path 'E:/Vivado/single_cpu/single_cpu.srcs/sources_1/new/aluctr.v' instead.
WARNING: [Project 1-312] File not found as 'C:/Users/HUAWEI/Desktop/21307371 Œ‚’È/single_cpu/single_cpu.srcs/sources_1/new/ctr.v'; using path 'E:/Vivado/single_cpu/single_cpu.srcs/sources_1/new/ctr.v' instead.
WARNING: [Project 1-312] File not found as 'C:/Users/HUAWEI/Desktop/21307371 Œ‚’È/single_cpu/single_cpu.srcs/sources_1/new/display.v'; using path 'E:/Vivado/single_cpu/single_cpu.srcs/sources_1/new/display.v' instead.
WARNING: [Project 1-312] File not found as 'C:/Users/HUAWEI/Desktop/21307371 Œ‚’È/single_cpu/single_cpu.srcs/sources_1/new/next_pc.v'; using path 'E:/Vivado/single_cpu/single_cpu.srcs/sources_1/new/next_pc.v' instead.
WARNING: [Project 1-312] File not found as 'C:/Users/HUAWEI/Desktop/21307371 Œ‚’È/single_cpu/single_cpu.srcs/sources_1/new/signext.v'; using path 'E:/Vivado/single_cpu/single_cpu.srcs/sources_1/new/signext.v' instead.
WARNING: [Project 1-312] File not found as 'C:/Users/HUAWEI/Desktop/21307371 Œ‚’È/single_cpu/single_cpu.srcs/sources_1/new/Top.v'; using path 'E:/Vivado/single_cpu/single_cpu.srcs/sources_1/new/Top.v' instead.
WARNING: [Project 1-312] File not found as 'C:/Users/HUAWEI/Desktop/21307371 Œ‚’È/single_cpu/single_cpu.srcs/sources_1/new/ALU.v'; using path 'E:/Vivado/single_cpu/single_cpu.srcs/sources_1/new/ALU.v' instead.
WARNING: [Project 1-312] File not found as 'C:/Users/HUAWEI/Desktop/21307371 Œ‚’È/single_cpu/single_cpu.srcs/sources_1/new/DM_unit.v'; using path 'E:/Vivado/single_cpu/single_cpu.srcs/sources_1/new/DM_unit.v' instead.
WARNING: [Project 1-312] File not found as 'C:/Users/HUAWEI/Desktop/21307371 Œ‚’È/single_cpu/single_cpu.srcs/sources_1/new/RegFile.v'; using path 'E:/Vivado/single_cpu/single_cpu.srcs/sources_1/new/RegFile.v' instead.
WARNING: [Project 1-312] File not found as 'C:/Users/HUAWEI/Desktop/21307371 Œ‚’È/single_cpu/single_cpu.srcs/sources_1/new/aluctr.v'; using path 'E:/Vivado/single_cpu/single_cpu.srcs/sources_1/new/aluctr.v' instead.
WARNING: [Project 1-312] File not found as 'C:/Users/HUAWEI/Desktop/21307371 Œ‚’È/single_cpu/single_cpu.srcs/sources_1/new/ctr.v'; using path 'E:/Vivado/single_cpu/single_cpu.srcs/sources_1/new/ctr.v' instead.
WARNING: [Project 1-312] File not found as 'C:/Users/HUAWEI/Desktop/21307371 Œ‚’È/single_cpu/single_cpu.srcs/sources_1/new/display.v'; using path 'E:/Vivado/single_cpu/single_cpu.srcs/sources_1/new/display.v' instead.
WARNING: [Project 1-312] File not found as 'C:/Users/HUAWEI/Desktop/21307371 Œ‚’È/single_cpu/single_cpu.srcs/sources_1/new/next_pc.v'; using path 'E:/Vivado/single_cpu/single_cpu.srcs/sources_1/new/next_pc.v' instead.
WARNING: [Project 1-312] File not found as 'C:/Users/HUAWEI/Desktop/21307371 Œ‚’È/single_cpu/single_cpu.srcs/sources_1/new/signext.v'; using path 'E:/Vivado/single_cpu/single_cpu.srcs/sources_1/new/signext.v' instead.
WARNING: [Project 1-312] File not found as 'C:/Users/HUAWEI/Desktop/21307371 Œ‚’È/single_cpu/single_cpu.srcs/sources_1/new/Top.v'; using path 'E:/Vivado/single_cpu/single_cpu.srcs/sources_1/new/Top.v' instead.
INFO: [IP_Flow 19-234] Refreshing IP repositories
INFO: [IP_Flow 19-1704] No user IP repositories specified
INFO: [IP_Flow 19-2313] Loaded Vivado IP repository 'E:/Vivado/Vivado/2017.4/data/ip'.
open_project: Time (s): cpu = 00:00:11 ; elapsed = 00:00:06 . Memory (MB): peak = 782.219 ; gain = 55.934
update_compile_order -fileset sources_1
exit
INFO: [Common 17-206] Exiting Vivado at Sun Jan  1 13:31:21 2023...
