Exception at PC 0x00007FFBF068441C
Exception at PC 0x00007FFBF068441C
Exception at PC 0x00007FFBF068441C
Exception at PC 0x00007FFBF068441C
Exception at PC 0x00007FFB0ED8E132
Attemped to write at address 0x00007FFB702A4AA4
Printing stacktrace...

[0]  [0x00007FFB0ED8E132]
[1]  [0x00007FFB0ED8E132]
[2]  [0x00007FFB0ED8E194]
[3]  [0x00007FFB0E9DD0D7]
[4]  [0x00007FFB0E8C2BCA]
[5]  [0x00007FFB0E8C2FD1]
[6]  [0x00007FFB0ED8EB2F]
[7]  [0x00007FFB0EC4C19D]
[8]  [0x00007FFB0EC45942]
[9]  [0x00007FFB0EC45AB5]
[10] (RtlActivateActivationContextUnsafeFast+0x127) [0x00007FFBF2E7FF07]
[11] (LdrShutdownProcess+0x1ec) [0x00007FFBF2E944FC]
[12] (RtlExitUserProcess+0xad) [0x00007FFBF2E942ED]
[13] (ExitProcess+0xb) [0x00007FFBF227CE2B]
[14] (exit+0x8d) [0x00007FFBF204D14D]
[15] (initterm_e+0x25b) [0x00007FFBF204D7CB]
[16]  [0x00000000004014CD]
[17]  [0x000000000040151B]
[18] (BaseThreadInitThunk+0x10) [0x00007FFBF22755A0]
[19] (RtlUserThreadStart+0x2b) [0x00007FFBF2E4485B]
Done
